#
# A fatal error has been detected by the Java Runtime Environment:
#
#  EXCEPTION_ACCESS_VIOLATION (0xc0000005) at pc=0x0000000003263dc4, pid=16096, tid=0x0000000000006d7c
#
# JRE version: Java(TM) SE Runtime Environment (8.0_131-b11) (build 1.8.0_131-b11)
# Java VM: Java HotSpot(TM) 64-Bit Server VM (25.131-b11 mixed mode windows-amd64 compressed oops)
# Problematic frame:
# j  java.lang.String.valueOf(Ljava/lang/Object;)Ljava/lang/String;+10
#
# Failed to write core dump. Minidumps are not enabled by default on client versions of Windows
#
# If you would like to submit a bug report, please visit:
#   http://bugreport.java.com/bugreport/crash.jsp
#

---------------  T H R E A D  ---------------

Current thread (0x0000000002ade000):  JavaThread "main" [_thread_in_Java, id=28028, stack(0x0000000002e30000,0x0000000002f30000)]

siginfo: ExceptionCode=0xc0000005, reading address 0x0000000000001f50

Registers:
RAX=0x0000000000000000, RBX=0x0000000000000002, RCX=0x0000000000001f48, RDX=0x0000000080000001
RSP=0x0000000002f2f5e0, RBP=0x0000000002f2f630, RSI=0x000000000000000b, RDI=0x0000000000000000
R8 =0x0000000000000004, R9 =0x0000000002ad7de0, R10=0x0000000050ece110, R11=0x000000000319e0b0
R12=0x0000000000000000, R13=0x000000001c1a7072, R14=0x0000000002f2f640, R15=0x0000000002ade000
RIP=0x0000000003263dc4, EFLAGS=0x0000000000010246

Top of Stack: (sp=0x0000000002f2f5e0)
0x0000000002f2f5e0:   00000000032480e0 0000000000001f48
0x0000000002f2f5f0:   0000000002f2f5f0 000000001c1a7072
0x0000000002f2f600:   0000000002f2f640 000000001c24dbb8
0x0000000002f2f610:   0000000000000000 000000001c1a7080
0x0000000002f2f620:   0000000000000000 0000000002f2f640
0x0000000002f2f630:   0000000002f2f690 00000000032480e0
0x0000000002f2f640:   0000000000001f48 000000076bd1baf0
0x0000000002f2f650:   0000000002f2f650 000000001c2178ba
0x0000000002f2f660:   0000000002f2f6a8 000000001c2d5518
0x0000000002f2f670:   0000000000000000 000000001c2178c8
0x0000000002f2f680:   0000000002f2f640 0000000002f2f6a0
0x0000000002f2f690:   0000000002f2f6f0 00000000032480e0
0x0000000002f2f6a0:   0000000000001f48 000000076bd1baf0
0x0000000002f2f6b0:   0000000002f2f6b0 000000001c5a3c60
0x0000000002f2f6c0:   0000000002f2f700 000000001c5a3cf0
0x0000000002f2f6d0:   0000000000000000 000000001c5a3c98 

Instructions: (pc=0x0000000003263dc4)
0x0000000003263da4:   10 4c 8b 68 d8 41 83 ed 04 41 c1 e5 03 49 03 c5
0x0000000003263db4:   48 89 45 e0 4c 8d 6c 24 08 4c 89 6d f0 ff 63 50
0x0000000003263dc4:   8b 41 08 48 c1 e0 03 4c 8b 75 e0 4d 85 f6 0f 84
0x0000000003263dd4:   95 00 00 00 49 8b 56 10 48 3b d0 0f 85 0f 00 00 


Register to memory mapping:

RAX=0x0000000000000000 is an unknown value
RBX=0x0000000000000002 is an unknown value
RCX=0x0000000000001f48 is an unknown value
RDX=0x0000000080000001 is an unknown value
RSP=0x0000000002f2f5e0 is pointing into the stack for thread: 0x0000000002ade000
RBP=0x0000000002f2f630 is pointing into the stack for thread: 0x0000000002ade000
RSI=0x000000000000000b is an unknown value
RDI=0x0000000000000000 is an unknown value
R8 =0x0000000000000004 is an unknown value
R9 =0x0000000002ad7de0 is an unknown value
R10=0x0000000050ece110 is an unknown value
R11=0x000000000319e0b0 is an unknown value
R12=0x0000000000000000 is an unknown value
R13=0x000000001c1a7072 is pointing into metadata
R14=0x0000000002f2f640 is pointing into the stack for thread: 0x0000000002ade000
R15=0x0000000002ade000 is a thread


Stack: [0x0000000002e30000,0x0000000002f30000],  sp=0x0000000002f2f5e0,  free space=1021k
Native frames: (J=compiled Java code, j=interpreted, Vv=VM code, C=native code)
C  0x0000000003263dc4


---------------  P R O C E S S  ---------------

Java Threads: ( => current thread )
  0x000000001ebfb000 JavaThread "Service Thread" daemon [_thread_blocked, id=35196, stack(0x000000001f660000,0x000000001f760000)]
  0x000000001eb5e000 JavaThread "C1 CompilerThread3" daemon [_thread_blocked, id=40700, stack(0x000000001f560000,0x000000001f660000)]
  0x000000001eb49800 JavaThread "C2 CompilerThread2" daemon [_thread_blocked, id=18180, stack(0x000000001f460000,0x000000001f560000)]
  0x000000001eb49000 JavaThread "C2 CompilerThread1" daemon [_thread_blocked, id=40200, stack(0x000000001f360000,0x000000001f460000)]
  0x000000001eb31000 JavaThread "C2 CompilerThread0" daemon [_thread_blocked, id=7988, stack(0x000000001f260000,0x000000001f360000)]
  0x000000001eb30000 JavaThread "Monitor Ctrl-Break" daemon [_thread_in_native, id=41052, stack(0x000000001f160000,0x000000001f260000)]
  0x000000001eade800 JavaThread "Attach Listener" daemon [_thread_blocked, id=34004, stack(0x000000001f050000,0x000000001f150000)]
  0x000000001ea8a000 JavaThread "Signal Dispatcher" daemon [_thread_blocked, id=37516, stack(0x000000001ef50000,0x000000001f050000)]
  0x000000000323e000 JavaThread "Finalizer" daemon [_thread_blocked, id=3964, stack(0x000000001ee50000,0x000000001ef50000)]
  0x0000000003237000 JavaThread "Reference Handler" daemon [_thread_blocked, id=29708, stack(0x000000001e950000,0x000000001ea50000)]
=>0x0000000002ade000 JavaThread "main" [_thread_in_Java, id=28028, stack(0x0000000002e30000,0x0000000002f30000)]

Other Threads:
  0x000000001cb88800 VMThread [stack: 0x000000001e850000,0x000000001e950000] [id=37852]
  0x000000001ec4f000 WatcherThread [stack: 0x000000001f760000,0x000000001f860000] [id=25408]

VM state:not at safepoint (normal execution)

VM Mutex/Monitor currently owned by a thread: None

Heap:
 PSYoungGen      total 75776K, used 5207K [0x000000076bb80000, 0x0000000771000000, 0x00000007c0000000)
  eden space 65024K, 8% used [0x000000076bb80000,0x000000076c095cf0,0x000000076fb00000)
  from space 10752K, 0% used [0x0000000770580000,0x0000000770580000,0x0000000771000000)
  to   space 10752K, 0% used [0x000000076fb00000,0x000000076fb00000,0x0000000770580000)
 ParOldGen       total 173568K, used 0K [0x00000006c3200000, 0x00000006cdb80000, 0x000000076bb80000)
  object space 173568K, 0% used [0x00000006c3200000,0x00000006c3200000,0x00000006cdb80000)
 Metaspace       used 3505K, capacity 4502K, committed 4864K, reserved 1056768K
  class space    used 388K, capacity 390K, committed 512K, reserved 1048576K

Card table byte_map: [0x0000000012600000,0x0000000012df0000] byte_map_base: 0x000000000efe7000

Marking Bits: (ParMarkBitMap*) 0x0000000050eec720
 Begin Bits: [0x0000000013b40000, 0x0000000017a78000)
 End Bits:   [0x0000000017a78000, 0x000000001b9b0000)

Polling page: 0x0000000000e70000

CodeCache: size=245760Kb used=1136Kb max_used=1136Kb free=244623Kb
 bounds [0x0000000003240000, 0x00000000034b0000, 0x0000000012240000]
 total_blobs=295 nmethods=37 adapters=171
 compilation: enabled

Compilation events (10 events):
Event: 0.101 Thread 0x000000001eb5e000 nmethod 32 0x0000000003358710 code [0x0000000003358860, 0x0000000003358a50]
Event: 0.101 Thread 0x000000001eb5e000   31       3       java.lang.AbstractStringBuilder::append (29 bytes)
Event: 0.101 Thread 0x000000001eb5e000 nmethod 31 0x0000000003358ad0 code [0x0000000003358c80, 0x00000000033591b8]
Event: 0.101 Thread 0x000000001eb5e000   33       3       java.util.concurrent.ConcurrentHashMap::tabAt (21 bytes)
Event: 0.101 Thread 0x000000001eb5e000 nmethod 33 0x0000000003359810 code [0x0000000003359960, 0x0000000003359b90]
Event: 0.101 Thread 0x000000001eb5e000   35       1       java.util.ArrayList::size (5 bytes)
Event: 0.102 Thread 0x000000001eb5e000 nmethod 35 0x000000000335a8d0 code [0x000000000335aa20, 0x000000000335ab30]
Event: 0.102 Thread 0x000000001eb5e000   36       3       java.lang.String::indexOf (166 bytes)
Event: 0.102 Thread 0x000000001eb5e000 nmethod 36 0x000000000335ab90 code [0x000000000335ad40, 0x000000000335b390]
Event: 0.102 Thread 0x000000001eb5e000   37       3       java.lang.String::substring (79 bytes)

GC Heap History (0 events):
No events

Deoptimization events (0 events):
No events

Internal exceptions (2 events):
Event: 0.024 Thread 0x0000000002ade000 Exception <a 'java/lang/NoSuchMethodError': Method sun.misc.Unsafe.defineClass(Ljava/lang/String;[BII)Ljava/lang/Class; name or signature does not match> (0x000000076bb87ca8) thrown at [C:\re\workspace\8-2-build-windows-amd64-cygwin\jdk8u131\8869\hotspot\
Event: 0.024 Thread 0x0000000002ade000 Exception <a 'java/lang/NoSuchMethodError': Method sun.misc.Unsafe.prefetchRead(Ljava/lang/Object;J)V name or signature does not match> (0x000000076bb87f90) thrown at [C:\re\workspace\8-2-build-windows-amd64-cygwin\jdk8u131\8869\hotspot\src\share\vm\prims

Events (10 events):
Event: 0.101 loading class java/net/URI$Parser done
Event: 0.102 loading class sun/net/spi/DefaultProxySelector$NonProxyInfo
Event: 0.102 loading class sun/net/spi/DefaultProxySelector$NonProxyInfo done
Event: 0.102 loading class sun/net/spi/DefaultProxySelector$3
Event: 0.102 loading class sun/net/spi/DefaultProxySelector$3 done
Event: 0.102 loading class java/net/Proxy
Event: 0.102 loading class java/net/Proxy done
Event: 0.102 loading class java/net/Proxy$Type
Event: 0.102 loading class java/net/Proxy$Type done
Event: 0.102 loading class java/util/ArrayList$Itr


Dynamic libraries:
0x00007ff690c10000 - 0x00007ff690c47000 	D:\software\Java\jdk1.8.0_131\bin\java.exe
0x00007ffd0da70000 - 0x00007ffd0dc66000 	C:\windows\SYSTEM32\ntdll.dll
0x00007ffd0bf90000 - 0x00007ffd0c04d000 	C:\windows\System32\KERNEL32.DLL
0x00007ffd0b390000 - 0x00007ffd0b659000 	C:\windows\System32\KERNELBASE.dll
0x00007ffd0bc70000 - 0x00007ffd0bd1c000 	C:\windows\System32\ADVAPI32.dll
0x00007ffd0c7a0000 - 0x00007ffd0c83e000 	C:\windows\System32\msvcrt.dll
0x00007ffd0d040000 - 0x00007ffd0d0dc000 	C:\windows\System32\sechost.dll
0x00007ffd0be60000 - 0x00007ffd0bf8b000 	C:\windows\System32\RPCRT4.dll
0x00007ffd0bad0000 - 0x00007ffd0bc70000 	C:\windows\System32\USER32.dll
0x00007ffd0b330000 - 0x00007ffd0b352000 	C:\windows\System32\win32u.dll
0x00007ffd0cb30000 - 0x00007ffd0cb5a000 	C:\windows\System32\GDI32.dll
0x00007ffd0b7c0000 - 0x00007ffd0b8cb000 	C:\windows\System32\gdi32full.dll
0x00007ffd0b8d0000 - 0x00007ffd0b96d000 	C:\windows\System32\msvcp_win.dll
0x00007ffd0b230000 - 0x00007ffd0b330000 	C:\windows\System32\ucrtbase.dll
0x00007ffcefb10000 - 0x00007ffcefdab000 	C:\windows\WinSxS\amd64_microsoft.windows.common-controls_6595b64144ccf1df_6.0.19041.746_none_ca02b4b61b8320a4\COMCTL32.dll
0x00007ffd0c950000 - 0x00007ffd0c980000 	C:\windows\System32\IMM32.DLL
0x0000000050fb0000 - 0x0000000051082000 	D:\software\Java\jdk1.8.0_131\jre\bin\msvcr100.dll
0x00000000506d0000 - 0x0000000050f6c000 	D:\software\Java\jdk1.8.0_131\jre\bin\server\jvm.dll
0x00007ffd0da20000 - 0x00007ffd0da28000 	C:\windows\System32\PSAPI.DLL
0x00007ffcfa800000 - 0x00007ffcfa809000 	C:\windows\SYSTEM32\WSOCK32.dll
0x00007ffcfd930000 - 0x00007ffcfd93a000 	C:\windows\SYSTEM32\VERSION.dll
0x00007ffd0cb60000 - 0x00007ffd0cbcb000 	C:\windows\System32\WS2_32.dll
0x00007ffcf1a40000 - 0x00007ffcf1a67000 	C:\windows\SYSTEM32\WINMM.dll
0x00000000506c0000 - 0x00000000506cf000 	D:\software\Java\jdk1.8.0_131\jre\bin\verify.dll
0x0000000050690000 - 0x00000000506b9000 	D:\software\Java\jdk1.8.0_131\jre\bin\java.dll
0x0000000050570000 - 0x0000000050593000 	D:\software\Java\jdk1.8.0_131\jre\bin\instrument.dll
0x0000000050670000 - 0x0000000050686000 	D:\software\Java\jdk1.8.0_131\jre\bin\zip.dll
0x00007ffd0c050000 - 0x00007ffd0c792000 	C:\windows\System32\SHELL32.dll
0x00007ffd092e0000 - 0x00007ffd09a70000 	C:\windows\SYSTEM32\windows.storage.dll
0x00007ffd0d570000 - 0x00007ffd0d8c6000 	C:\windows\System32\combase.dll
0x00007ffd0ac10000 - 0x00007ffd0ac3c000 	C:\windows\SYSTEM32\Wldp.dll
0x00007ffd0c8a0000 - 0x00007ffd0c94e000 	C:\windows\System32\SHCORE.dll
0x00007ffd0cad0000 - 0x00007ffd0cb25000 	C:\windows\System32\shlwapi.dll
0x00007ffd0b0e0000 - 0x00007ffd0b106000 	C:\windows\SYSTEM32\profapi.dll
0x00007ffd027b0000 - 0x00007ffd027ca000 	D:\software\IDEA2020.3.2\bin\breakgen64.dll
0x0000000050550000 - 0x000000005056a000 	D:\software\Java\jdk1.8.0_131\jre\bin\net.dll
0x00007ffd0a920000 - 0x00007ffd0a98a000 	C:\windows\system32\mswsock.dll
0x00007ffd08e90000 - 0x00007ffd09074000 	C:\windows\SYSTEM32\dbghelp.dll
0x00007ffd0b1b0000 - 0x00007ffd0b230000 	C:\windows\System32\bcryptPrimitives.dll

VM Arguments:
jvm_args: -javaagent:D:\software\IDEA2020.3.2\lib\idea_rt.jar=59062:D:\software\IDEA2020.3.2\bin -Dfile.encoding=UTF-8 
java_command: UnsafeDemo
java_class_path (initial): D:\software\Java\jdk1.8.0_131\jre\lib\charsets.jar;D:\software\Java\jdk1.8.0_131\jre\lib\deploy.jar;D:\software\Java\jdk1.8.0_131\jre\lib\ext\access-bridge-64.jar;D:\software\Java\jdk1.8.0_131\jre\lib\ext\cldrdata.jar;D:\software\Java\jdk1.8.0_131\jre\lib\ext\dnsns.jar;D:\software\Java\jdk1.8.0_131\jre\lib\ext\jaccess.jar;D:\software\Java\jdk1.8.0_131\jre\lib\ext\jfxrt.jar;D:\software\Java\jdk1.8.0_131\jre\lib\ext\localedata.jar;D:\software\Java\jdk1.8.0_131\jre\lib\ext\nashorn.jar;D:\software\Java\jdk1.8.0_131\jre\lib\ext\sunec.jar;D:\software\Java\jdk1.8.0_131\jre\lib\ext\sunjce_provider.jar;D:\software\Java\jdk1.8.0_131\jre\lib\ext\sunmscapi.jar;D:\software\Java\jdk1.8.0_131\jre\lib\ext\sunpkcs11.jar;D:\software\Java\jdk1.8.0_131\jre\lib\ext\zipfs.jar;D:\software\Java\jdk1.8.0_131\jre\lib\javaws.jar;D:\software\Java\jdk1.8.0_131\jre\lib\jce.jar;D:\software\Java\jdk1.8.0_131\jre\lib\jfr.jar;D:\software\Java\jdk1.8.0_131\jre\lib\jfxswt.jar;D:\software\Java\jdk1.8.0_131\jre\lib\jsse.jar;D:\software\Java\jdk1.8.0_131\jre\lib\management-agent.jar;D:\software\Java\jdk1.8.0_131\jre\lib\plugin.jar;D:\software\Java\jdk1.8.0_131\jre\lib\resources.jar;D:\software\Java\jdk1.8.0_131\jre\lib\rt.jar;D:\workspace\my_code\juc_demo\target\classes;D:\repository\org\apache\commons\commons-lang3\3.11\commons-lang3-3.11.jar;D:\repository\commons-collections\commons-collections\3.2.2\commons-collections-3.2.2.jar;D:\repository\org\projectlombok\lombok\1.18.16\lombok-1.18.16.jar;D:\software\IDEA2020.3.2\lib\idea_rt.jar
Launcher Type: SUN_STANDARD

Environment Variables:
JAVA_HOME=D:\software\Java\jdk1.8.0_131
PATH=C:\ProgramData\Oracle\Java\javapath;C:\windows\system32;C:\windows;C:\windows\System32\Wbem;C:\windows\System32\WindowsPowerShell\v1.0\;C:\windows\System32\OpenSSH\;D:\software\Java\jdk1.8.0_131\bin;D:\software\apache-maven-3.6.3\bin;D:\software\redis\;D:\software\xshell\;C:\Users\SC4442\AppData\Local\Microsoft\WindowsApps;D:\software\Git\cmd;D:\software\Java\jdk1.8.0_131\bin;D:\software\apache-maven-3.6.3\bin;
USERNAME=SC4442
OS=Windows_NT
PROCESSOR_IDENTIFIER=Intel64 Family 6 Model 140 Stepping 1, GenuineIntel



---------------  S Y S T E M  ---------------

OS: Windows 10.0 , 64 bit Build 19041 (10.0.19041.804)

CPU:total 8 (initial active 8) (4 cores per cpu, 2 threads per core) family 6 model 140 stepping 1, cmov, cx8, fxsr, mmx, sse, sse2, sse3, ssse3, sse4.1, sse4.2, popcnt, avx, avx2, aes, clmul, erms, 3dnowpref, lzcnt, ht, tsc, tscinvbit, bmi1, bmi2, adx

Memory: 4k page, physical 16571704k(5344636k free), swap 28036300k(7654260k free)

vm_info: Java HotSpot(TM) 64-Bit Server VM (25.131-b11) for windows-amd64 JRE (1.8.0_131-b11), built on Mar 15 2017 01:23:53 by "java_re" with MS VC++ 10.0 (VS2010)

time: Wed Jun 16 14:53:48 2021
elapsed time: 0 seconds (0d 0h 0m 0s)

